#
# A fatal error has been detected by the Java Runtime Environment:
#
#  SIGSEGV (0xb) at pc=0x00007efd4a068127, pid=4451, tid=4452
#
# JRE version: Java(TM) SE Runtime Environment (11.0.1+13) (build 11.0.1+13-LTS)
# Java VM: Java HotSpot(TM) 64-Bit Server VM (11.0.1+13-LTS, mixed mode, tiered, compressed oops, g1 gc, linux-amd64)
# Problematic frame:
# C  [i965_dri.so+0x3bd127]
#
# Core dump will be written. Default location: Core dumps may be processed with "/usr/share/apport/apport %p %s %c %d %P" (or dumping to /home/armand/..dev/workspace/Moteur-3DLightings/core.4451)
#
# If you would like to submit a bug report, please visit:
#   http://bugreport.java.com/bugreport/crash.jsp
# The crash happened outside the Java Virtual Machine in native code.
# See problematic frame for where to report the bug.
#

---------------  S U M M A R Y ------------

Command Line: -javaagent:/snap/intellij-idea-community/137/lib/idea_rt.jar=33659:/snap/intellij-idea-community/137/bin -Dfile.encoding=UTF-8 main.MainMoteur3D

Host: Intel(R) Core(TM) i5-6300HQ CPU @ 2.30GHz, 4 cores, 5G, Ubuntu 18.04.2 LTS
Time: Wed Apr 17 13:41:16 2019 WEST elapsed time: 0 seconds (0d 0h 0m 0s)

---------------  T H R E A D  ---------------

Current thread (0x00007efda8013000):  JavaThread "main" [_thread_in_native, id=4452, stack(0x00007efdb24aa000,0x00007efdb25ab000)]

Stack: [0x00007efdb24aa000,0x00007efdb25ab000],  sp=0x00007efdb25a8bc0,  free space=1018k
Native frames: (J=compiled Java code, A=aot compiled Java code, j=interpreted, Vv=VM code, C=native code)
C  [i965_dri.so+0x3bd127]

Java frames: (J=compiled Java code, j=interpreted, Vv=VM code)
j  org.lwjgl.opengl.GL20C.glLinkProgram(I)V+0
j  org.lwjgl.opengl.GL20.glLinkProgram(I)V+1
j  graphic.ShaderProgram.link()V+4
j  game.Renderer.init(Lengine/Window;)V+51
j  game.DummyGame.init(Lengine/Window;)V+5
j  engine.GameEngine.init()V+33
j  engine.GameEngine.run()V+1
j  java.lang.Thread.run()V+11 java.base@11.0.1
j  engine.GameEngine.start()V+37
j  main.MainMoteur3D.run()V+49
j  main.MainMoteur3D.main([Ljava/lang/String;)V+7
v  ~StubRoutines::call_stub

siginfo: si_signo: 11 (SIGSEGV), si_code: 1 (SEGV_MAPERR), si_addr: 0x00000000000000a0

Register to memory mapping:

RAX=0x0 is NULL
RBX=0x00007efda8e4c2c0 points into unknown readable memory
RCX=0x00007efda8e79010 points into unknown readable memory
RDX=0x0000000000000015 is an unknown value
RSP=0x00007efdb25a8bc0 is pointing into the stack for thread: 0x00007efda8013000
RBP=0x00007efdb25a9070 is pointing into the stack for thread: 0x00007efda8013000
RSI=0x00007efda8d48cf0 points into unknown readable memory
RDI=0x00007efda8c76cd0 points into unknown readable memory
R8 =0x00007efda8e78ef0 points into unknown readable memory
R9 =0x0 is NULL
R10=0x00007efda80008d0 points into unknown readable memory
R11=0x0 is NULL
R12=0x0 is NULL
R13=0x0 is NULL
R14=0x0 is NULL
R15=0x00007efda8e761c0 points into unknown readable memory


Registers:
RAX=0x0000000000000000, RBX=0x00007efda8e4c2c0, RCX=0x00007efda8e79010, RDX=0x0000000000000015
RSP=0x00007efdb25a8bc0, RBP=0x00007efdb25a9070, RSI=0x00007efda8d48cf0, RDI=0x00007efda8c76cd0
R8 =0x00007efda8e78ef0, R9 =0x0000000000000000, R10=0x00007efda80008d0, R11=0x0000000000000000
R12=0x0000000000000000, R13=0x0000000000000000, R14=0x0000000000000000, R15=0x00007efda8e761c0
RIP=0x00007efd4a068127, EFLAGS=0x0000000000010246, CSGSFS=0x002b000000000033, ERR=0x0000000000000004
  TRAPNO=0x000000000000000e

Top of Stack: (sp=0x00007efdb25a8bc0)
0x00007efdb25a8bc0:   00007efdb25a9070 00007efda8e4c3f0
0x00007efdb25a8bd0:   00007efdb25a9070 00007efda8e403e0
0x00007efdb25a8be0:   00007efdb25a9070 00007efd4a06809d
0x00007efdb25a8bf0:   00007efda8e76070 00007efdb25a9070 

Instructions: (pc=0x00007efd4a068127)
0x00007efd4a068107:   85 a0 00 00 00 48 85 c0 0f 84 ab 00 00 00 48 83
0x00007efd4a068117:   c4 08 5b 5d 41 5c 41 5d c3 8b 43 70 4d 8d 2c c4
0x00007efd4a068127:   49 8b 85 a0 00 00 00 48 85 c0 75 e2 41 0f b6 94
0x00007efd4a068137:   24 88 00 00 00 48 8b 4d 08 4c 89 e7 48 8b 73 30 


---------------  P R O C E S S  ---------------

Threads class SMR info:
_java_thread_list=0x00007efda8384c20, length=10, elements={
0x00007efda8013000, 0x00007efda818c800, 0x00007efda8190800, 0x00007efda81a3800,
0x00007efda81a5800, 0x00007efda81a7800, 0x00007efda81a9800, 0x00007efda8224800,
0x00007efda8381000, 0x00007efda8383800
}

Java Threads: ( => current thread )
=>0x00007efda8013000 JavaThread "main" [_thread_in_native, id=4452, stack(0x00007efdb24aa000,0x00007efdb25ab000)]
  0x00007efda818c800 JavaThread "Reference Handler" daemon [_thread_blocked, id=4459, stack(0x00007efd887bd000,0x00007efd888be000)]
  0x00007efda8190800 JavaThread "Finalizer" daemon [_thread_blocked, id=4460, stack(0x00007efd886bc000,0x00007efd887bd000)]
  0x00007efda81a3800 JavaThread "Signal Dispatcher" daemon [_thread_blocked, id=4467, stack(0x00007efd885bb000,0x00007efd886bc000)]
  0x00007efda81a5800 JavaThread "C2 CompilerThread0" daemon [_thread_blocked, id=4468, stack(0x00007efd884ba000,0x00007efd885bb000)]
  0x00007efda81a7800 JavaThread "C1 CompilerThread0" daemon [_thread_blocked, id=4469, stack(0x00007efd883b9000,0x00007efd884ba000)]
  0x00007efda81a9800 JavaThread "Sweeper thread" daemon [_thread_blocked, id=4470, stack(0x00007efd882b8000,0x00007efd883b9000)]
  0x00007efda8224800 JavaThread "Common-Cleaner" daemon [_thread_blocked, id=4478, stack(0x00007efd881b7000,0x00007efd882b8000)]
  0x00007efda8381000 JavaThread "Monitor Ctrl-Break" daemon [_thread_in_native, id=4482, stack(0x00007efd880b6000,0x00007efd881b7000)]
  0x00007efda8383800 JavaThread "Service Thread" daemon [_thread_blocked, id=4483, stack(0x00007efd6b108000,0x00007efd6b209000)]

Other Threads:
  0x00007efda8184800 VMThread "VM Thread" [stack: 0x00007efd888c0000,0x00007efd889c0000] [id=4458]
  0x00007efda8386000 WatcherThread [stack: 0x00007efd6b008000,0x00007efd6b108000] [id=4484]
  0x00007efda803b000 GCTaskThread "GC Thread#0" [stack: 0x00007efdae755000,0x00007efdae855000] [id=4453]
  0x00007efda8060000 ConcurrentGCThread "G1 Main Marker" [stack: 0x00007efdac3b7000,0x00007efdac4b7000] [id=4454]
  0x00007efda8061800 ConcurrentGCThread "G1 Conc#0" [stack: 0x00007efdac2b5000,0x00007efdac3b5000] [id=4455]
  0x00007efda80bc800 ConcurrentGCThread "G1 Refine#0" [stack: 0x00007efd90943000,0x00007efd90a43000] [id=4456]
  0x00007efda80be000 ConcurrentGCThread "G1 Young RemSet Sampling" [stack: 0x00007efd90841000,0x00007efd90941000] [id=4457]

Threads with active compile tasks:

VM state:not at safepoint (normal execution)

VM Mutex/Monitor currently owned by a thread: None

Heap address: 0x00000000a7000000, size: 1424 MB, Compressed Oops mode: 32-bit
Narrow klass base: 0x0000000000000000, Narrow klass shift: 3
Compressed class space size: 1073741824 Address: 0x0000000100000000

Heap:
 garbage-first heap   total 92160K, used 12288K [0x00000000a7000000, 0x0000000100000000)
  region size 1024K, 14 young (14336K), 0 survivors (0K)
 Metaspace       used 12683K, capacity 12937K, committed 13312K, reserved 1060864K
  class space    used 949K, capacity 1018K, committed 1024K, reserved 1048576K
Heap Regions: E=young(eden), S=young(survivor), O=old, HS=humongous(starts), HC=humongous(continues), CS=collection set, F=free, A=archive, TAMS=top-at-mark-start (previous, next)
|   0|0x00000000a7000000, 0x00000000a7000000, 0x00000000a7100000|  0%| F|  |TAMS 0x00000000a7000000, 0x00000000a7000000| Untracked 
|   1|0x00000000a7100000, 0x00000000a7100000, 0x00000000a7200000|  0%| F|  |TAMS 0x00000000a7100000, 0x00000000a7100000| Untracked 
|   2|0x00000000a7200000, 0x00000000a7200000, 0x00000000a7300000|  0%| F|  |TAMS 0x00000000a7200000, 0x00000000a7200000| Untracked 
|   3|0x00000000a7300000, 0x00000000a7300000, 0x00000000a7400000|  0%| F|  |TAMS 0x00000000a7300000, 0x00000000a7300000| Untracked 
|   4|0x00000000a7400000, 0x00000000a7400000, 0x00000000a7500000|  0%| F|  |TAMS 0x00000000a7400000, 0x00000000a7400000| Untracked 
|   5|0x00000000a7500000, 0x00000000a7500000, 0x00000000a7600000|  0%| F|  |TAMS 0x00000000a7500000, 0x00000000a7500000| Untracked 
|   6|0x00000000a7600000, 0x00000000a7600000, 0x00000000a7700000|  0%| F|  |TAMS 0x00000000a7600000, 0x00000000a7600000| Untracked 
|   7|0x00000000a7700000, 0x00000000a7700000, 0x00000000a7800000|  0%| F|  |TAMS 0x00000000a7700000, 0x00000000a7700000| Untracked 
|   8|0x00000000a7800000, 0x00000000a7800000, 0x00000000a7900000|  0%| F|  |TAMS 0x00000000a7800000, 0x00000000a7800000| Untracked 
|   9|0x00000000a7900000, 0x00000000a7900000, 0x00000000a7a00000|  0%| F|  |TAMS 0x00000000a7900000, 0x00000000a7900000| Untracked 
|  10|0x00000000a7a00000, 0x00000000a7a00000, 0x00000000a7b00000|  0%| F|  |TAMS 0x00000000a7a00000, 0x00000000a7a00000| Untracked 
|  11|0x00000000a7b00000, 0x00000000a7b00000, 0x00000000a7c00000|  0%| F|  |TAMS 0x00000000a7b00000, 0x00000000a7b00000| Untracked 
|  12|0x00000000a7c00000, 0x00000000a7c00000, 0x00000000a7d00000|  0%| F|  |TAMS 0x00000000a7c00000, 0x00000000a7c00000| Untracked 
|  13|0x00000000a7d00000, 0x00000000a7d00000, 0x00000000a7e00000|  0%| F|  |TAMS 0x00000000a7d00000, 0x00000000a7d00000| Untracked 
|  14|0x00000000a7e00000, 0x00000000a7e00000, 0x00000000a7f00000|  0%| F|  |TAMS 0x00000000a7e00000, 0x00000000a7e00000| Untracked 
|  15|0x00000000a7f00000, 0x00000000a7f00000, 0x00000000a8000000|  0%| F|  |TAMS 0x00000000a7f00000, 0x00000000a7f00000| Untracked 
|  16|0x00000000a8000000, 0x00000000a8000000, 0x00000000a8100000|  0%| F|  |TAMS 0x00000000a8000000, 0x00000000a8000000| Untracked 
|  17|0x00000000a8100000, 0x00000000a8100000, 0x00000000a8200000|  0%| F|  |TAMS 0x00000000a8100000, 0x00000000a8100000| Untracked 
|  18|0x00000000a8200000, 0x00000000a8200000, 0x00000000a8300000|  0%| F|  |TAMS 0x00000000a8200000, 0x00000000a8200000| Untracked 
|  19|0x00000000a8300000, 0x00000000a8300000, 0x00000000a8400000|  0%| F|  |TAMS 0x00000000a8300000, 0x00000000a8300000| Untracked 
|  20|0x00000000a8400000, 0x00000000a8400000, 0x00000000a8500000|  0%| F|  |TAMS 0x00000000a8400000, 0x00000000a8400000| Untracked 
|  21|0x00000000a8500000, 0x00000000a8500000, 0x00000000a8600000|  0%| F|  |TAMS 0x00000000a8500000, 0x00000000a8500000| Untracked 
|  22|0x00000000a8600000, 0x00000000a8600000, 0x00000000a8700000|  0%| F|  |TAMS 0x00000000a8600000, 0x00000000a8600000| Untracked 
|  23|0x00000000a8700000, 0x00000000a8700000, 0x00000000a8800000|  0%| F|  |TAMS 0x00000000a8700000, 0x00000000a8700000| Untracked 
|  24|0x00000000a8800000, 0x00000000a8800000, 0x00000000a8900000|  0%| F|  |TAMS 0x00000000a8800000, 0x00000000a8800000| Untracked 
|  25|0x00000000a8900000, 0x00000000a8900000, 0x00000000a8a00000|  0%| F|  |TAMS 0x00000000a8900000, 0x00000000a8900000| Untracked 
|  26|0x00000000a8a00000, 0x00000000a8a00000, 0x00000000a8b00000|  0%| F|  |TAMS 0x00000000a8a00000, 0x00000000a8a00000| Untracked 
|  27|0x00000000a8b00000, 0x00000000a8b00000, 0x00000000a8c00000|  0%| F|  |TAMS 0x00000000a8b00000, 0x00000000a8b00000| Untracked 
|  28|0x00000000a8c00000, 0x00000000a8c00000, 0x00000000a8d00000|  0%| F|  |TAMS 0x00000000a8c00000, 0x00000000a8c00000| Untracked 
|  29|0x00000000a8d00000, 0x00000000a8d00000, 0x00000000a8e00000|  0%| F|  |TAMS 0x00000000a8d00000, 0x00000000a8d00000| Untracked 
|  30|0x00000000a8e00000, 0x00000000a8e00000, 0x00000000a8f00000|  0%| F|  |TAMS 0x00000000a8e00000, 0x00000000a8e00000| Untracked 
|  31|0x00000000a8f00000, 0x00000000a8f00000, 0x00000000a9000000|  0%| F|  |TAMS 0x00000000a8f00000, 0x00000000a8f00000| Untracked 
|  32|0x00000000a9000000, 0x00000000a9000000, 0x00000000a9100000|  0%| F|  |TAMS 0x00000000a9000000, 0x00000000a9000000| Untracked 
|  33|0x00000000a9100000, 0x00000000a9100000, 0x00000000a9200000|  0%| F|  |TAMS 0x00000000a9100000, 0x00000000a9100000| Untracked 
|  34|0x00000000a9200000, 0x00000000a9200000, 0x00000000a9300000|  0%| F|  |TAMS 0x00000000a9200000, 0x00000000a9200000| Untracked 
|  35|0x00000000a9300000, 0x00000000a9300000, 0x00000000a9400000|  0%| F|  |TAMS 0x00000000a9300000, 0x00000000a9300000| Untracked 
|  36|0x00000000a9400000, 0x00000000a9400000, 0x00000000a9500000|  0%| F|  |TAMS 0x00000000a9400000, 0x00000000a9400000| Untracked 
|  37|0x00000000a9500000, 0x00000000a9500000, 0x00000000a9600000|  0%| F|  |TAMS 0x00000000a9500000, 0x00000000a9500000| Untracked 
|  38|0x00000000a9600000, 0x00000000a9600000, 0x00000000a9700000|  0%| F|  |TAMS 0x00000000a9600000, 0x00000000a9600000| Untracked 
|  39|0x00000000a9700000, 0x00000000a9700000, 0x00000000a9800000|  0%| F|  |TAMS 0x00000000a9700000, 0x00000000a9700000| Untracked 
|  40|0x00000000a9800000, 0x00000000a9800000, 0x00000000a9900000|  0%| F|  |TAMS 0x00000000a9800000, 0x00000000a9800000| Untracked 
|  41|0x00000000a9900000, 0x00000000a9900000, 0x00000000a9a00000|  0%| F|  |TAMS 0x00000000a9900000, 0x00000000a9900000| Untracked 
|  42|0x00000000a9a00000, 0x00000000a9a00000, 0x00000000a9b00000|  0%| F|  |TAMS 0x00000000a9a00000, 0x00000000a9a00000| Untracked 
|  43|0x00000000a9b00000, 0x00000000a9b00000, 0x00000000a9c00000|  0%| F|  |TAMS 0x00000000a9b00000, 0x00000000a9b00000| Untracked 
|  44|0x00000000a9c00000, 0x00000000a9c00000, 0x00000000a9d00000|  0%| F|  |TAMS 0x00000000a9c00000, 0x00000000a9c00000| Untracked 
|  45|0x00000000a9d00000, 0x00000000a9d00000, 0x00000000a9e00000|  0%| F|  |TAMS 0x00000000a9d00000, 0x00000000a9d00000| Untracked 
|  46|0x00000000a9e00000, 0x00000000a9e00000, 0x00000000a9f00000|  0%| F|  |TAMS 0x00000000a9e00000, 0x00000000a9e00000| Untracked 
|  47|0x00000000a9f00000, 0x00000000a9f00000, 0x00000000aa000000|  0%| F|  |TAMS 0x00000000a9f00000, 0x00000000a9f00000| Untracked 
|  48|0x00000000aa000000, 0x00000000aa000000, 0x00000000aa100000|  0%| F|  |TAMS 0x00000000aa000000, 0x00000000aa000000| Untracked 
|  49|0x00000000aa100000, 0x00000000aa100000, 0x00000000aa200000|  0%| F|  |TAMS 0x00000000aa100000, 0x00000000aa100000| Untracked 
|  50|0x00000000aa200000, 0x00000000aa200000, 0x00000000aa300000|  0%| F|  |TAMS 0x00000000aa200000, 0x00000000aa200000| Untracked 
|  51|0x00000000aa300000, 0x00000000aa300000, 0x00000000aa400000|  0%| F|  |TAMS 0x00000000aa300000, 0x00000000aa300000| Untracked 
|  52|0x00000000aa400000, 0x00000000aa400000, 0x00000000aa500000|  0%| F|  |TAMS 0x00000000aa400000, 0x00000000aa400000| Untracked 
|  53|0x00000000aa500000, 0x00000000aa500000, 0x00000000aa600000|  0%| F|  |TAMS 0x00000000aa500000, 0x00000000aa500000| Untracked 
|  54|0x00000000aa600000, 0x00000000aa600000, 0x00000000aa700000|  0%| F|  |TAMS 0x00000000aa600000, 0x00000000aa600000| Untracked 
|  55|0x00000000aa700000, 0x00000000aa700000, 0x00000000aa800000|  0%| F|  |TAMS 0x00000000aa700000, 0x00000000aa700000| Untracked 
|  56|0x00000000aa800000, 0x00000000aa800000, 0x00000000aa900000|  0%| F|  |TAMS 0x00000000aa800000, 0x00000000aa800000| Untracked 
|  57|0x00000000aa900000, 0x00000000aa900000, 0x00000000aaa00000|  0%| F|  |TAMS 0x00000000aa900000, 0x00000000aa900000| Untracked 
|  58|0x00000000aaa00000, 0x00000000aaa00000, 0x00000000aab00000|  0%| F|  |TAMS 0x00000000aaa00000, 0x00000000aaa00000| Untracked 
|  59|0x00000000aab00000, 0x00000000aab00000, 0x00000000aac00000|  0%| F|  |TAMS 0x00000000aab00000, 0x00000000aab00000| Untracked 
|  60|0x00000000aac00000, 0x00000000aac00000, 0x00000000aad00000|  0%| F|  |TAMS 0x00000000aac00000, 0x00000000aac00000| Untracked 
|  61|0x00000000aad00000, 0x00000000aad00000, 0x00000000aae00000|  0%| F|  |TAMS 0x00000000aad00000, 0x00000000aad00000| Untracked 
|  62|0x00000000aae00000, 0x00000000aae00000, 0x00000000aaf00000|  0%| F|  |TAMS 0x00000000aae00000, 0x00000000aae00000| Untracked 
|  63|0x00000000aaf00000, 0x00000000aaf00000, 0x00000000ab000000|  0%| F|  |TAMS 0x00000000aaf00000, 0x00000000aaf00000| Untracked 
|  64|0x00000000ab000000, 0x00000000ab000000, 0x00000000ab100000|  0%| F|  |TAMS 0x00000000ab000000, 0x00000000ab000000| Untracked 
|  65|0x00000000ab100000, 0x00000000ab100000, 0x00000000ab200000|  0%| F|  |TAMS 0x00000000ab100000, 0x00000000ab100000| Untracked 
|  66|0x00000000ab200000, 0x00000000ab200000, 0x00000000ab300000|  0%| F|  |TAMS 0x00000000ab200000, 0x00000000ab200000| Untracked 
|  67|0x00000000ab300000, 0x00000000ab300000, 0x00000000ab400000|  0%| F|  |TAMS 0x00000000ab300000, 0x00000000ab300000| Untracked 
|  68|0x00000000ab400000, 0x00000000ab400000, 0x00000000ab500000|  0%| F|  |TAMS 0x00000000ab400000, 0x00000000ab400000| Untracked 
|  69|0x00000000ab500000, 0x00000000ab500000, 0x00000000ab600000|  0%| F|  |TAMS 0x00000000ab500000, 0x00000000ab500000| Untracked 
|  70|0x00000000ab600000, 0x00000000ab600000, 0x00000000ab700000|  0%| F|  |TAMS 0x00000000ab600000, 0x00000000ab600000| Untracked 
|  71|0x00000000ab700000, 0x00000000ab700000, 0x00000000ab800000|  0%| F|  |TAMS 0x00000000ab700000, 0x00000000ab700000| Untracked 
|  72|0x00000000ab800000, 0x00000000ab800000, 0x00000000ab900000|  0%| F|  |TAMS 0x00000000ab800000, 0x00000000ab800000| Untracked 
|  73|0x00000000ab900000, 0x00000000ab900000, 0x00000000aba00000|  0%| F|  |TAMS 0x00000000ab900000, 0x00000000ab900000| Untracked 
|  74|0x00000000aba00000, 0x00000000aba00000, 0x00000000abb00000|  0%| F|  |TAMS 0x00000000aba00000, 0x00000000aba00000| Untracked 
|  75|0x00000000abb00000, 0x00000000abb00000, 0x00000000abc00000|  0%| F|  |TAMS 0x00000000abb00000, 0x00000000abb00000| Untracked 
|  76|0x00000000abc00000, 0x00000000abcdf508, 0x00000000abd00000| 87%| E|  |TAMS 0x00000000abc00000, 0x00000000abc00000| Complete 
|  77|0x00000000abd00000, 0x00000000abe00000, 0x00000000abe00000|100%| E|CS|TAMS 0x00000000abd00000, 0x00000000abd00000| Complete 
|  78|0x00000000abe00000, 0x00000000abf00000, 0x00000000abf00000|100%| E|CS|TAMS 0x00000000abe00000, 0x00000000abe00000| Complete 
|  79|0x00000000abf00000, 0x00000000ac000000, 0x00000000ac000000|100%| E|CS|TAMS 0x00000000abf00000, 0x00000000abf00000| Complete 
|  80|0x00000000ac000000, 0x00000000ac100000, 0x00000000ac100000|100%| E|CS|TAMS 0x00000000ac000000, 0x00000000ac000000| Complete 
|  81|0x00000000ac100000, 0x00000000ac200000, 0x00000000ac200000|100%| E|CS|TAMS 0x00000000ac100000, 0x00000000ac100000| Complete 
|  82|0x00000000ac200000, 0x00000000ac300000, 0x00000000ac300000|100%| E|CS|TAMS 0x00000000ac200000, 0x00000000ac200000| Complete 
|  83|0x00000000ac300000, 0x00000000ac400000, 0x00000000ac400000|100%| E|CS|TAMS 0x00000000ac300000, 0x00000000ac300000| Complete 
|  84|0x00000000ac400000, 0x00000000ac500000, 0x00000000ac500000|100%| E|CS|TAMS 0x00000000ac400000, 0x00000000ac400000| Complete 
|  85|0x00000000ac500000, 0x00000000ac600000, 0x00000000ac600000|100%| E|CS|TAMS 0x00000000ac500000, 0x00000000ac500000| Complete 
|  86|0x00000000ac600000, 0x00000000ac700000, 0x00000000ac700000|100%| E|CS|TAMS 0x00000000ac600000, 0x00000000ac600000| Complete 
|  87|0x00000000ac700000, 0x00000000ac800000, 0x00000000ac800000|100%| E|  |TAMS 0x00000000ac700000, 0x00000000ac700000| Complete 
|  88|0x00000000ac800000, 0x00000000ac900000, 0x00000000ac900000|100%| E|CS|TAMS 0x00000000ac800000, 0x00000000ac800000| Complete 
|  89|0x00000000ac900000, 0x00000000aca00000, 0x00000000aca00000|100%| E|CS|TAMS 0x00000000ac900000, 0x00000000ac900000| Complete 

Card table byte_map: [0x00007efdaddbf000,0x00007efdae087000] _byte_map_base: 0x00007efdad887000

Marking Bits (Prev, Next): (CMBitMap*) 0x00007efda8059618, (CMBitMap*) 0x00007efda8059650
 Prev Bits: [0x00007efdac4b7000, 0x00007efdadaf7000)
 Next Bits: [0x00007efd8a9c0000, 0x00007efd8c000000)

Polling page: 0x00007efdb25c8000

Metaspace:

Usage:
  Non-class:     11,64 MB capacity,    11,46 MB ( 98%) used,   169,46 KB (  1%) free+waste,    15,50 KB ( <1%) overhead. 
      Class:   1018,00 KB capacity,   949,53 KB ( 93%) used,    62,28 KB (  6%) free+waste,     6,19 KB ( <1%) overhead. 
       Both:     12,63 MB capacity,    12,39 MB ( 98%) used,   231,74 KB (  2%) free+waste,    21,69 KB ( <1%) overhead. 

Virtual space:
  Non-class space:       12,00 MB reserved,      12,00 MB (100%) committed 
      Class space:        1,00 GB reserved,       1,00 MB ( <1%) committed 
             Both:        1,01 GB reserved,      13,00 MB (  1%) committed 

Chunk freelists:
   Non-Class:  29,62 KB
       Class:  768 bytes
        Both:  30,38 KB

CodeHeap 'non-profiled nmethods': size=120032Kb used=205Kb max_used=205Kb free=119826Kb
 bounds [0x00007efd9870d000, 0x00007efd9897d000, 0x00007efd9fc45000]
CodeHeap 'profiled nmethods': size=120032Kb used=1114Kb max_used=1114Kb free=118918Kb
 bounds [0x00007efd911d5000, 0x00007efd91445000, 0x00007efd9870d000]
CodeHeap 'non-nmethods': size=5696Kb used=1431Kb max_used=1445Kb free=4264Kb
 bounds [0x00007efd90c45000, 0x00007efd90eb5000, 0x00007efd911d5000]
 total_blobs=1820 nmethods=690 adapters=888
 compilation: enabled
              stopped_count=0, restarted_count=0
 full_count=0

Compilation events (10 events):
Event: 0,650 Thread 0x00007efda81a7800 nmethod 689 0x00007efd912ea310 code [0x00007efd912ea520, 0x00007efd912eac38]
Event: 0,650 Thread 0x00007efda81a7800  680       3       org.lwjgl.system.MemoryUtil::memAddress (11 bytes)
Event: 0,650 Thread 0x00007efda81a7800 nmethod 680 0x00007efd912eae10 code [0x00007efd912eafe0, 0x00007efd912eb210]
Event: 0,650 Thread 0x00007efda81a7800  682       3       java.lang.StringUTF16::compress (20 bytes)
Event: 0,650 Thread 0x00007efda81a7800 nmethod 682 0x00007efd912eb310 code [0x00007efd912eb4e0, 0x00007efd912eb768]
Event: 0,654 Thread 0x00007efda81a5800 nmethod 651 0x00007efd9873ef10 code [0x00007efd9873f0e0, 0x00007efd9873fb78]
Event: 0,654 Thread 0x00007efda81a5800  679       4       sun.misc.Unsafe::putByte (9 bytes)
Event: 0,654 Thread 0x00007efda81a5800 nmethod 679 0x00007efd98740210 code [0x00007efd987403a0, 0x00007efd98740418]
Event: 0,654 Thread 0x00007efda81a5800  669       4       java.lang.AbstractStringBuilder::getCoder (15 bytes)
Event: 0,654 Thread 0x00007efda81a5800 nmethod 669 0x00007efd98740490 code [0x00007efd98740620, 0x00007efd98740678]

GC Heap History (0 events):
No events

Deoptimization events (5 events):
Event: 0,232 Thread 0x00007efda8013000 Uncommon trap: reason=unstable_if action=reinterpret pc=0x00007efd98711b8c method=java.lang.String.isLatin1()Z @ 10 c2
Event: 0,234 Thread 0x00007efda8013000 Uncommon trap: reason=unstable_if action=reinterpret pc=0x00007efd9871a9f8 method=java.lang.String.isLatin1()Z @ 10 c2
Event: 0,641 Thread 0x00007efda8013000 Uncommon trap: reason=unstable_if action=reinterpret pc=0x00007efd9873383c method=java.lang.AbstractStringBuilder.putStringAt(ILjava/lang/String;)V @ 8 c2
Event: 0,641 Thread 0x00007efda8013000 Uncommon trap: reason=unstable_if action=reinterpret pc=0x00007efd98734638 method=java.lang.AbstractStringBuilder.putStringAt(ILjava/lang/String;)V @ 8 c2
Event: 0,641 Thread 0x00007efda8013000 Uncommon trap: reason=unstable_if action=reinterpret pc=0x00007efd98734d70 method=java.lang.String.getBytes([BIB)V @ 5 c2

Classes redefined (0 events):
No events

Internal exceptions (10 events):
Event: 0,211 Thread 0x00007efda8013000 Exception <a 'java/security/PrivilegedActionException'{0x00000000ac5aabc0}> (0x00000000ac5aabc0) thrown at [/scratch/opt/mach5/mesos/work_dir/slaves/83bb4d84-382c-4ead-b585-d8ef0018fefe-S6551/frameworks/1735e8a2-a1db-478c-8104-60c8b0af87dd-0196/executors/
Event: 0,211 Thread 0x00007efda8013000 Exception <a 'java/security/PrivilegedActionException'{0x00000000ac5aae90}> (0x00000000ac5aae90) thrown at [/scratch/opt/mach5/mesos/work_dir/slaves/83bb4d84-382c-4ead-b585-d8ef0018fefe-S6551/frameworks/1735e8a2-a1db-478c-8104-60c8b0af87dd-0196/executors/
Event: 0,211 Thread 0x00007efda8013000 Exception <a 'java/security/PrivilegedActionException'{0x00000000ac5ac7a8}> (0x00000000ac5ac7a8) thrown at [/scratch/opt/mach5/mesos/work_dir/slaves/83bb4d84-382c-4ead-b585-d8ef0018fefe-S6551/frameworks/1735e8a2-a1db-478c-8104-60c8b0af87dd-0196/executors/
Event: 0,211 Thread 0x00007efda8013000 Exception <a 'java/security/PrivilegedActionException'{0x00000000ac5aca78}> (0x00000000ac5aca78) thrown at [/scratch/opt/mach5/mesos/work_dir/slaves/83bb4d84-382c-4ead-b585-d8ef0018fefe-S6551/frameworks/1735e8a2-a1db-478c-8104-60c8b0af87dd-0196/executors/
Event: 0,272 Thread 0x00007efda8013000 Exception <a 'java/security/PrivilegedActionException'{0x00000000ac47ae68}> (0x00000000ac47ae68) thrown at [/scratch/opt/mach5/mesos/work_dir/slaves/83bb4d84-382c-4ead-b585-d8ef0018fefe-S6551/frameworks/1735e8a2-a1db-478c-8104-60c8b0af87dd-0196/executors/
Event: 0,272 Thread 0x00007efda8013000 Exception <a 'java/security/PrivilegedActionException'{0x00000000ac47b138}> (0x00000000ac47b138) thrown at [/scratch/opt/mach5/mesos/work_dir/slaves/83bb4d84-382c-4ead-b585-d8ef0018fefe-S6551/frameworks/1735e8a2-a1db-478c-8104-60c8b0af87dd-0196/executors/
Event: 0,272 Thread 0x00007efda8013000 Exception <a 'java/security/PrivilegedActionException'{0x00000000ac47c760}> (0x00000000ac47c760) thrown at [/scratch/opt/mach5/mesos/work_dir/slaves/83bb4d84-382c-4ead-b585-d8ef0018fefe-S6551/frameworks/1735e8a2-a1db-478c-8104-60c8b0af87dd-0196/executors/
Event: 0,272 Thread 0x00007efda8013000 Exception <a 'java/security/PrivilegedActionException'{0x00000000ac47ca30}> (0x00000000ac47ca30) thrown at [/scratch/opt/mach5/mesos/work_dir/slaves/83bb4d84-382c-4ead-b585-d8ef0018fefe-S6551/frameworks/1735e8a2-a1db-478c-8104-60c8b0af87dd-0196/executors/
Event: 0,425 Thread 0x00007efda8013000 Exception <a 'sun/nio/fs/UnixException'{0x00000000ac3e9c08}> (0x00000000ac3e9c08) thrown at [/scratch/opt/mach5/mesos/work_dir/slaves/83bb4d84-382c-4ead-b585-d8ef0018fefe-S6551/frameworks/1735e8a2-a1db-478c-8104-60c8b0af87dd-0196/executors/69c12dab-0976-4
Event: 0,638 Thread 0x00007efda8013000 Exception <a 'java/lang/NoSuchMethodError'{0x00000000abc95e70}: java.lang.invoke.DirectMethodHandle$Holder.invokeSpecialIFC(Ljava/lang/Object;Ljava/lang/Object;I)I> (0x00000000abc95e70) thrown at [/scratch/opt/mach5/mesos/work_dir/slaves/83bb4d84-382c-4ea

Events (10 events):
Event: 0,641 Thread 0x00007efda8013000 Uncommon trap: trap_request=0xffffff4d fr.pc=0x00007efd98734638 relative=0x0000000000000478
Event: 0,641 Thread 0x00007efda8013000 DEOPT PACKING pc=0x00007efd98734638 sp=0x00007efdb25a91d0
Event: 0,641 Thread 0x00007efda8013000 DEOPT UNPACKING pc=0x00007efd90c6d6a5 sp=0x00007efdb25a9140 mode 2
Event: 0,641 Thread 0x00007efda8013000 Uncommon trap: trap_request=0xffffff4d fr.pc=0x00007efd98734d70 relative=0x00000000000000d0
Event: 0,641 Thread 0x00007efda8013000 DEOPT PACKING pc=0x00007efd98734d70 sp=0x00007efdb25a90f0
Event: 0,641 Thread 0x00007efda8013000 DEOPT UNPACKING pc=0x00007efd90c6d6a5 sp=0x00007efdb25a90b8 mode 2
Event: 0,642 loading class org/lwjgl/system/APIUtil$Encoder
Event: 0,642 loading class org/lwjgl/system/APIUtil$Encoder done
Event: 0,642 loading class org/lwjgl/system/APIUtil$Encoder
Event: 0,642 loading class org/lwjgl/system/APIUtil$Encoder done


Dynamic libraries:
00400000-00401000 r-xp 00000000 08:06 13371690                           /usr/lib/jvm/jdk-11.0.1/bin/java
00600000-00601000 r--p 00000000 08:06 13371690                           /usr/lib/jvm/jdk-11.0.1/bin/java
00601000-00602000 rw-p 00001000 08:06 13371690                           /usr/lib/jvm/jdk-11.0.1/bin/java
024d0000-024f1000 rw-p 00000000 00:00 0                                  [heap]
a7000000-aca00000 rw-p 00000000 00:00 0 
aca00000-100000000 ---p 00000000 00:00 0 
100000000-100100000 rw-p 00000000 00:00 0 
100100000-140000000 ---p 00000000 00:00 0 
7efd40000000-7efd40021000 rw-p 00000000 00:00 0 
7efd40021000-7efd44000000 ---p 00000000 00:00 0 
7efd44000000-7efd44021000 rw-p 00000000 00:00 0 
7efd44021000-7efd48000000 ---p 00000000 00:00 0 
7efd48271000-7efd48471000 rw-p 00000000 00:00 0 
7efd48471000-7efd484c8000 r-xp 00000000 08:06 10228642                   /tmp/lwjglarmand/3.2.1-build-12/liblwjgl_opengl.so
7efd484c8000-7efd486c7000 ---p 00057000 08:06 10228642                   /tmp/lwjglarmand/3.2.1-build-12/liblwjgl_opengl.so
7efd486c7000-7efd486c8000 r--p 00056000 08:06 10228642                   /tmp/lwjglarmand/3.2.1-build-12/liblwjgl_opengl.so
7efd486c8000-7efd486c9000 rw-p 00057000 08:06 10228642                   /tmp/lwjglarmand/3.2.1-build-12/liblwjgl_opengl.so
7efd486c9000-7efd486ca000 ---p 00000000 00:00 0 
7efd486ca000-7efd48eca000 rw-p 00000000 00:00 0 
7efd48eca000-7efd48ed2000 r-xp 00000000 08:06 13245158                   /usr/lib/x86_64-linux-gnu/libpciaccess.so.0.11.1
7efd48ed2000-7efd490d1000 ---p 00008000 08:06 13245158                   /usr/lib/x86_64-linux-gnu/libpciaccess.so.0.11.1
7efd490d1000-7efd490d2000 r--p 00007000 08:06 13245158                   /usr/lib/x86_64-linux-gnu/libpciaccess.so.0.11.1
7efd490d2000-7efd490d3000 rw-p 00008000 08:06 13245158                   /usr/lib/x86_64-linux-gnu/libpciaccess.so.0.11.1
7efd490d3000-7efd490ea000 r-xp 00000000 08:06 12977171                   /lib/x86_64-linux-gnu/libgcc_s.so.1
7efd490ea000-7efd492e9000 ---p 00017000 08:06 12977171                   /lib/x86_64-linux-gnu/libgcc_s.so.1
7efd492e9000-7efd492ea000 r--p 00016000 08:06 12977171                   /lib/x86_64-linux-gnu/libgcc_s.so.1
7efd492ea000-7efd492eb000 rw-p 00017000 08:06 12977171                   /lib/x86_64-linux-gnu/libgcc_s.so.1
7efd492eb000-7efd49464000 r-xp 00000000 08:06 13239781                   /usr/lib/x86_64-linux-gnu/libstdc++.so.6.0.25
7efd49464000-7efd49664000 ---p 00179000 08:06 13239781                   /usr/lib/x86_64-linux-gnu/libstdc++.so.6.0.25
7efd49664000-7efd4966e000 r--p 00179000 08:06 13239781                   /usr/lib/x86_64-linux-gnu/libstdc++.so.6.0.25
7efd4966e000-7efd49670000 rw-p 00183000 08:06 13239781                   /usr/lib/x86_64-linux-gnu/libstdc++.so.6.0.25
7efd49670000-7efd49674000 rw-p 00000000 00:00 0 
7efd49674000-7efd4967f000 r-xp 00000000 08:06 13239161                   /usr/lib/x86_64-linux-gnu/libdrm_radeon.so.1.0.1
7efd4967f000-7efd4987e000 ---p 0000b000 08:06 13239161                   /usr/lib/x86_64-linux-gnu/libdrm_radeon.so.1.0.1
7efd4987e000-7efd4987f000 r--p 0000a000 08:06 13239161                   /usr/lib/x86_64-linux-gnu/libdrm_radeon.so.1.0.1
7efd4987f000-7efd49880000 rw-p 0000b000 08:06 13239161                   /usr/lib/x86_64-linux-gnu/libdrm_radeon.so.1.0.1
7efd49880000-7efd49887000 r-xp 00000000 08:06 13240619                   /usr/lib/x86_64-linux-gnu/libdrm_nouveau.so.2.0.0
7efd49887000-7efd49a86000 ---p 00007000 08:06 13240619                   /usr/lib/x86_64-linux-gnu/libdrm_nouveau.so.2.0.0
7efd49a86000-7efd49a87000 r--p 00006000 08:06 13240619                   /usr/lib/x86_64-linux-gnu/libdrm_nouveau.so.2.0.0
7efd49a87000-7efd49a88000 rw-p 00007000 08:06 13240619                   /usr/lib/x86_64-linux-gnu/libdrm_nouveau.so.2.0.0
7efd49a88000-7efd49aaa000 r-xp 00000000 08:06 13239157                   /usr/lib/x86_64-linux-gnu/libdrm_intel.so.1.0.0
7efd49aaa000-7efd49ca9000 ---p 00022000 08:06 13239157                   /usr/lib/x86_64-linux-gnu/libdrm_intel.so.1.0.0
7efd49ca9000-7efd49caa000 r--p 00021000 08:06 13239157                   /usr/lib/x86_64-linux-gnu/libdrm_intel.so.1.0.0
7efd49caa000-7efd49cab000 rw-p 00022000 08:06 13239157                   /usr/lib/x86_64-linux-gnu/libdrm_intel.so.1.0.0
7efd49cab000-7efd4a5c8000 r-xp 00000000 08:06 13631609                   /usr/lib/x86_64-linux-gnu/dri/i965_dri.so
7efd4a5c8000-7efd4a7c8000 ---p 0091d000 08:06 13631609                   /usr/lib/x86_64-linux-gnu/dri/i965_dri.so
7efd4a7c8000-7efd4a825000 r--p 0091d000 08:06 13631609                   /usr/lib/x86_64-linux-gnu/dri/i965_dri.so
7efd4a825000-7efd4a831000 rw-p 0097a000 08:06 13631609                   /usr/lib/x86_64-linux-gnu/dri/i965_dri.so
7efd4a831000-7efd4a8e3000 rw-p 00000000 00:00 0 
7efd4a8e3000-7efd4a8f3000 r-xp 00000000 08:06 13239361                   /usr/lib/x86_64-linux-gnu/libdrm.so.2.4.0
7efd4a8f3000-7efd4aaf2000 ---p 00010000 08:06 13239361                   /usr/lib/x86_64-linux-gnu/libdrm.so.2.4.0
7efd4aaf2000-7efd4aaf3000 r--p 0000f000 08:06 13239361                   /usr/lib/x86_64-linux-gnu/libdrm.so.2.4.0
7efd4aaf3000-7efd4aaf4000 rw-p 00010000 08:06 13239361                   /usr/lib/x86_64-linux-gnu/libdrm.so.2.4.0
7efd4aaf4000-7efd4aaf8000 r-xp 00000000 08:06 13240007                   /usr/lib/x86_64-linux-gnu/libxcb-dri2.so.0.0.0
7efd4aaf8000-7efd4acf7000 ---p 00004000 08:06 13240007                   /usr/lib/x86_64-linux-gnu/libxcb-dri2.so.0.0.0
7efd4acf7000-7efd4acf8000 r--p 00003000 08:06 13240007                   /usr/lib/x86_64-linux-gnu/libxcb-dri2.so.0.0.0
7efd4acf8000-7efd4acf9000 rw-p 00004000 08:06 13240007                   /usr/lib/x86_64-linux-gnu/libxcb-dri2.so.0.0.0
7efd4acf9000-7efd4ad11000 r-xp 00000000 08:06 13239180                   /usr/lib/x86_64-linux-gnu/libxcb-glx.so.0.0.0
7efd4ad11000-7efd4af11000 ---p 00018000 08:06 13239180                   /usr/lib/x86_64-linux-gnu/libxcb-glx.so.0.0.0
7efd4af11000-7efd4af13000 r--p 00018000 08:06 13239180                   /usr/lib/x86_64-linux-gnu/libxcb-glx.so.0.0.0
7efd4af13000-7efd4af14000 rw-p 0001a000 08:06 13239180                   /usr/lib/x86_64-linux-gnu/libxcb-glx.so.0.0.0
7efd4af14000-7efd4af16000 r-xp 00000000 08:06 13244327                   /usr/lib/x86_64-linux-gnu/libXdamage.so.1.1.0
7efd4af16000-7efd4b115000 ---p 00002000 08:06 13244327                   /usr/lib/x86_64-linux-gnu/libXdamage.so.1.1.0
7efd4b115000-7efd4b116000 r--p 00001000 08:06 13244327                   /usr/lib/x86_64-linux-gnu/libXdamage.so.1.1.0
7efd4b116000-7efd4b117000 rw-p 00002000 08:06 13244327                   /usr/lib/x86_64-linux-gnu/libXdamage.so.1.1.0
7efd4b117000-7efd4b143000 r-xp 00000000 08:06 13241136                   /usr/lib/x86_64-linux-gnu/libglapi.so.0.0.0
7efd4b143000-7efd4b342000 ---p 0002c000 08:06 13241136                   /usr/lib/x86_64-linux-gnu/libglapi.so.0.0.0
7efd4b342000-7efd4b346000 r--p 0002b000 08:06 13241136                   /usr/lib/x86_64-linux-gnu/libglapi.so.0.0.0
7efd4b346000-7efd4b347000 rw-p 0002f000 08:06 13241136                   /usr/lib/x86_64-linux-gnu/libglapi.so.0.0.0
7efd4b347000-7efd4b348000 rw-p 00000000 00:00 0 
7efd4b348000-7efd4b349000 r-xp 00000000 08:06 13245538                   /usr/lib/x86_64-linux-gnu/libxshmfence.so.1.0.0
7efd4b349000-7efd4b548000 ---p 00001000 08:06 13245538                   /usr/lib/x86_64-linux-gnu/libxshmfence.so.1.0.0
7efd4b548000-7efd4b549000 r--p 00000000 08:06 13245538                   /usr/lib/x86_64-linux-gnu/libxshmfence.so.1.0.0
7efd4b549000-7efd4b54a000 rw-p 00001000 08:06 13245538                   /usr/lib/x86_64-linux-gnu/libxshmfence.so.1.0.0
7efd4b54a000-7efd4b54f000 r-xp 00000000 08:06 13244115                   /usr/lib/x86_64-linux-gnu/libxcb-sync.so.1.0.0
7efd4b54f000-7efd4b74f000 ---p 00005000 08:06 13244115                   /usr/lib/x86_64-linux-gnu/libxcb-sync.so.1.0.0
7efd4b74f000-7efd4b750000 r--p 00005000 08:06 13244115                   /usr/lib/x86_64-linux-gnu/libxcb-sync.so.1.0.0
7efd4b750000-7efd4b751000 rw-p 00006000 08:06 13244115                   /usr/lib/x86_64-linux-gnu/libxcb-sync.so.1.0.0
7efd4b751000-7efd4b753000 r-xp 00000000 08:06 13240015                   /usr/lib/x86_64-linux-gnu/libxcb-present.so.0.0.0
7efd4b753000-7efd4b952000 ---p 00002000 08:06 13240015                   /usr/lib/x86_64-linux-gnu/libxcb-present.so.0.0.0
7efd4b952000-7efd4b953000 r--p 00001000 08:06 13240015                   /usr/lib/x86_64-linux-gnu/libxcb-present.so.0.0.0
7efd4b953000-7efd4b954000 rw-p 00002000 08:06 13240015                   /usr/lib/x86_64-linux-gnu/libxcb-present.so.0.0.0
7efd4b954000-7efd4b957000 r-xp 00000000 08:06 13239176                   /usr/lib/x86_64-linux-gnu/libxcb-dri3.so.0.0.0
7efd4b957000-7efd4bb56000 ---p 00003000 08:06 13239176                   /usr/lib/x86_64-linux-gnu/libxcb-dri3.so.0.0.0
7efd4bb56000-7efd4bb57000 r--p 00002000 08:06 13239176                   /usr/lib/x86_64-linux-gnu/libxcb-dri3.so.0.0.0
7efd4bb57000-7efd4bb58000 rw-p 00003000 08:06 13239176                   /usr/lib/x86_64-linux-gnu/libxcb-dri3.so.0.0.0
7efd4bb58000-7efd4bb87000 r-xp 00000000 08:06 12980922                   /lib/x86_64-linux-gnu/libexpat.so.1.6.7
7efd4bb87000-7efd4bd87000 ---p 0002f000 08:06 12980922                   /lib/x86_64-linux-gnu/libexpat.so.1.6.7
7efd4bd87000-7efd4bd89000 r--p 0002f000 08:06 12980922                   /lib/x86_64-linux-gnu/libexpat.so.1.6.7
7efd4bd89000-7efd4bd8a000 rw-p 00031000 08:06 12980922                   /lib/x86_64-linux-gnu/libexpat.so.1.6.7
7efd4bd8a000-7efd4bdfc000 r-xp 00000000 08:06 13241132                   /usr/lib/x86_64-linux-gnu/libGLX_mesa.so.0.0.0
7efd4bdfc000-7efd4bffb000 ---p 00072000 08:06 13241132                   /usr/lib/x86_64-linux-gnu/libGLX_mesa.so.0.0.0
7efd4bffb000-7efd4bffe000 r--p 00071000 08:06 13241132                   /usr/lib/x86_64-linux-gnu/libGLX_mesa.so.0.0.0
7efd4bffe000-7efd4bfff000 rw-p 00074000 08:06 13241132                   /usr/lib/x86_64-linux-gnu/libGLX_mesa.so.0.0.0
7efd4bfff000-7efd4c000000 rw-p 00000000 00:00 0 
7efd4c000000-7efd4c021000 rw-p 00000000 00:00 0 
7efd4c021000-7efd50000000 ---p 00000000 00:00 0 
7efd50000000-7efd50021000 rw-p 00000000 00:00 0 
7efd50021000-7efd54000000 ---p 00000000 00:00 0 
7efd54000000-7efd54021000 rw-p 00000000 00:00 0 
7efd54021000-7efd58000000 ---p 00000000 00:00 0 
7efd58000000-7efd58021000 rw-p 00000000 00:00 0 
7efd58021000-7efd5c000000 ---p 00000000 00:00 0 
7efd5c000000-7efd5c488000 rw-p 00000000 00:00 0 
7efd5c488000-7efd60000000 ---p 00000000 00:00 0 
7efd60000000-7efd60317000 rw-p 00000000 00:00 0 
7efd60317000-7efd64000000 ---p 00000000 00:00 0 
7efd64000000-7efd64021000 rw-p 00000000 00:00 0 
7efd64021000-7efd68000000 ---p 00000000 00:00 0 
7efd680bb000-7efd681fc000 rw-s 00000000 08:06 8785458                    /home/armand/.cache/mesa_shader_cache/index
7efd681fc000-7efd6826a000 r-xp 00000000 08:06 13243943                   /usr/lib/x86_64-linux-gnu/libGLdispatch.so.0.0.0
7efd6826a000-7efd68469000 ---p 0006e000 08:06 13243943                   /usr/lib/x86_64-linux-gnu/libGLdispatch.so.0.0.0
7efd68469000-7efd68491000 r--p 0006d000 08:06 13243943                   /usr/lib/x86_64-linux-gnu/libGLdispatch.so.0.0.0
7efd68491000-7efd68492000 rw-p 00095000 08:06 13243943                   /usr/lib/x86_64-linux-gnu/libGLdispatch.so.0.0.0
7efd68492000-7efd684b2000 rw-p 00000000 00:00 0 
7efd684b2000-7efd684c2000 r-xp 00000000 08:06 13243920                   /usr/lib/x86_64-linux-gnu/libGLX.so.0.0.0
7efd684c2000-7efd686c1000 ---p 00010000 08:06 13243920                   /usr/lib/x86_64-linux-gnu/libGLX.so.0.0.0
7efd686c1000-7efd686c2000 r--p 0000f000 08:06 13243920                   /usr/lib/x86_64-linux-gnu/libGLX.so.0.0.0
7efd686c2000-7efd686c3000 rw-p 00010000 08:06 13243920                   /usr/lib/x86_64-linux-gnu/libGLX.so.0.0.0
7efd686c3000-7efd686e3000 rw-p 00000000 00:00 0 
7efd686e3000-7efd68754000 r-xp 00000000 08:06 13243165                   /usr/lib/x86_64-linux-gnu/libGL.so.1.0.0
7efd68754000-7efd68953000 ---p 00071000 08:06 13243165                   /usr/lib/x86_64-linux-gnu/libGL.so.1.0.0
7efd68953000-7efd6896d000 r--p 00070000 08:06 13243165                   /usr/lib/x86_64-linux-gnu/libGL.so.1.0.0
7efd6896d000-7efd6896e000 rw-p 0008a000 08:06 13243165                   /usr/lib/x86_64-linux-gnu/libGL.so.1.0.0
7efd6896e000-7efd6896f000 rw-p 00000000 00:00 0 
7efd6896f000-7efd68970000 r-xp 00000000 08:06 13240600                   /usr/lib/x86_64-linux-gnu/libX11-xcb.so.1.0.0
7efd68970000-7efd68b6f000 ---p 00001000 08:06 13240600                   /usr/lib/x86_64-linux-gnu/libX11-xcb.so.1.0.0
7efd68b6f000-7efd68b70000 r--p 00000000 08:06 13240600                   /usr/lib/x86_64-linux-gnu/libX11-xcb.so.1.0.0
7efd68b70000-7efd68b71000 rw-p 00001000 08:06 13240600                   /usr/lib/x86_64-linux-gnu/libX11-xcb.so.1.0.0
7efd68b71000-7efd68b73000 r-xp 00000000 08:06 13244341                   /usr/lib/x86_64-linux-gnu/libXinerama.so.1.0.0
7efd68b73000-7efd68d72000 ---p 00002000 08:06 13244341                   /usr/lib/x86_64-linux-gnu/libXinerama.so.1.0.0
7efd68d72000-7efd68d73000 r--p 00001000 08:06 13244341                   /usr/lib/x86_64-linux-gnu/libXinerama.so.1.0.0
7efd68d73000-7efd68d74000 rw-p 00002000 08:06 13244341                   /usr/lib/x86_64-linux-gnu/libXinerama.so.1.0.0
7efd68d74000-7efd68d79000 r-xp 00000000 08:06 13244333                   /usr/lib/x86_64-linux-gnu/libXfixes.so.3.1.0
7efd68d79000-7efd68f78000 ---p 00005000 08:06 13244333                   /usr/lib/x86_64-linux-gnu/libXfixes.so.3.1.0
7efd68f78000-7efd68f79000 r--p 00004000 08:06 13244333                   /usr/lib/x86_64-linux-gnu/libXfixes.so.3.1.0
7efd68f79000-7efd68f7a000 rw-p 00005000 08:06 13244333                   /usr/lib/x86_64-linux-gnu/libXfixes.so.3.1.0
7efd68f7a000-7efd68f83000 r-xp 00000000 08:06 13244325                   /usr/lib/x86_64-linux-gnu/libXcursor.so.1.0.2
7efd68f83000-7efd69182000 ---p 00009000 08:06 13244325                   /usr/lib/x86_64-linux-gnu/libXcursor.so.1.0.2
7efd69182000-7efd69183000 r--p 00008000 08:06 13244325                   /usr/lib/x86_64-linux-gnu/libXcursor.so.1.0.2
7efd69183000-7efd69184000 rw-p 00009000 08:06 13244325                   /usr/lib/x86_64-linux-gnu/libXcursor.so.1.0.2
7efd69184000-7efd6918d000 r-xp 00000000 08:06 13244351                   /usr/lib/x86_64-linux-gnu/libXrender.so.1.3.0
7efd6918d000-7efd6938c000 ---p 00009000 08:06 13244351                   /usr/lib/x86_64-linux-gnu/libXrender.so.1.3.0
7efd6938c000-7efd6938d000 r--p 00008000 08:06 13244351                   /usr/lib/x86_64-linux-gnu/libXrender.so.1.3.0
7efd6938d000-7efd6938e000 rw-p 00009000 08:06 13244351                   /usr/lib/x86_64-linux-gnu/libXrender.so.1.3.0
7efd6938e000-7efd69398000 r-xp 00000000 08:06 13244349                   /usr/lib/x86_64-linux-gnu/libXrandr.so.2.2.0
7efd69398000-7efd69597000 ---p 0000a000 08:06 13244349                   /usr/lib/x86_64-linux-gnu/libXrandr.so.2.2.0
7efd69597000-7efd69598000 r--p 00009000 08:06 13244349                   /usr/lib/x86_64-linux-gnu/libXrandr.so.2.2.0
7efd69598000-7efd69599000 rw-p 0000a000 08:06 13244349                   /usr/lib/x86_64-linux-gnu/libXrandr.so.2.2.0
7efd69599000-7efd695a8000 r-xp 00000000 08:06 13244339                   /usr/lib/x86_64-linux-gnu/libXi.so.6.1.0
7efd695a8000-7efd697a7000 ---p 0000f000 08:06 13244339                   /usr/lib/x86_64-linux-gnu/libXi.so.6.1.0
7efd697a7000-7efd697a8000 r--p 0000e000 08:06 13244339                   /usr/lib/x86_64-linux-gnu/libXi.so.6.1.0
7efd697a8000-7efd697a9000 rw-p 0000f000 08:06 13244339                   /usr/lib/x86_64-linux-gnu/libXi.so.6.1.0
7efd697a9000-7efd697ba000 r-xp 00000000 08:06 13244331                   /usr/lib/x86_64-linux-gnu/libXext.so.6.4.0
7efd697ba000-7efd699b9000 ---p 00011000 08:06 13244331                   /usr/lib/x86_64-linux-gnu/libXext.so.6.4.0
7efd699b9000-7efd699ba000 r--p 00010000 08:06 13244331                   /usr/lib/x86_64-linux-gnu/libXext.so.6.4.0
7efd699ba000-7efd699bb000 rw-p 00011000 08:06 13244331                   /usr/lib/x86_64-linux-gnu/libXext.so.6.4.0
7efd699bb000-7efd699c0000 r-xp 00000000 08:06 13244367                   /usr/lib/x86_64-linux-gnu/libXxf86vm.so.1.0.0
7efd699c0000-7efd69bbf000 ---p 00005000 08:06 13244367                   /usr/lib/x86_64-linux-gnu/libXxf86vm.so.1.0.0
7efd69bbf000-7efd69bc0000 r--p 00004000 08:06 13244367                   /usr/lib/x86_64-linux-gnu/libXxf86vm.so.1.0.0
7efd69bc0000-7efd69bc1000 rw-p 00005000 08:06 13244367                   /usr/lib/x86_64-linux-gnu/libXxf86vm.so.1.0.0
7efd69bc1000-7efd69bd4000 r-xp 00000000 08:06 12980888                   /lib/x86_64-linux-gnu/libbsd.so.0.8.7
7efd69bd4000-7efd69dd3000 ---p 00013000 08:06 12980888                   /lib/x86_64-linux-gnu/libbsd.so.0.8.7
7efd69dd3000-7efd69dd4000 r--p 00012000 08:06 12980888                   /lib/x86_64-linux-gnu/libbsd.so.0.8.7
7efd69dd4000-7efd69dd5000 rw-p 00013000 08:06 12980888                   /lib/x86_64-linux-gnu/libbsd.so.0.8.7
7efd69dd5000-7efd69dd6000 rw-p 00000000 00:00 0 
7efd69dd6000-7efd69ddb000 r-xp 00000000 08:06 13244329                   /usr/lib/x86_64-linux-gnu/libXdmcp.so.6.0.0
7efd69ddb000-7efd69fda000 ---p 00005000 08:06 13244329                   /usr/lib/x86_64-linux-gnu/libXdmcp.so.6.0.0
7efd69fda000-7efd69fdb000 r--p 00004000 08:06 13244329                   /usr/lib/x86_64-linux-gnu/libXdmcp.so.6.0.0
7efd69fdb000-7efd69fdc000 rw-p 00005000 08:06 13244329                   /usr/lib/x86_64-linux-gnu/libXdmcp.so.6.0.0
7efd69fdc000-7efd69fde000 r-xp 00000000 08:06 13244318                   /usr/lib/x86_64-linux-gnu/libXau.so.6.0.0
7efd69fde000-7efd6a1de000 ---p 00002000 08:06 13244318                   /usr/lib/x86_64-linux-gnu/libXau.so.6.0.0
7efd6a1de000-7efd6a1df000 r--p 00002000 08:06 13244318                   /usr/lib/x86_64-linux-gnu/libXau.so.6.0.0
7efd6a1df000-7efd6a1e0000 rw-p 00003000 08:06 13244318                   /usr/lib/x86_64-linux-gnu/libXau.so.6.0.0
7efd6a1e0000-7efd6a206000 r-xp 00000000 08:06 13241277                   /usr/lib/x86_64-linux-gnu/libxcb.so.1.1.0
7efd6a206000-7efd6a406000 ---p 00026000 08:06 13241277                   /usr/lib/x86_64-linux-gnu/libxcb.so.1.1.0
7efd6a406000-7efd6a407000 r--p 00026000 08:06 13241277                   /usr/lib/x86_64-linux-gnu/libxcb.so.1.1.0
7efd6a407000-7efd6a408000 rw-p 00027000 08:06 13241277                   /usr/lib/x86_64-linux-gnu/libxcb.so.1.1.0
7efd6a408000-7efd6a53b000 r-xp 00000000 08:06 13240450                   /usr/lib/x86_64-linux-gnu/libX11.so.6.3.0
7efd6a53b000-7efd6a73b000 ---p 00133000 08:06 13240450                   /usr/lib/x86_64-linux-gnu/libX11.so.6.3.0
7efd6a73b000-7efd6a73c000 r--p 00133000 08:06 13240450                   /usr/lib/x86_64-linux-gnu/libX11.so.6.3.0
7efd6a73c000-7efd6a740000 rw-p 00134000 08:06 13240450                   /usr/lib/x86_64-linux-gnu/libX11.so.6.3.0
7efd6a740000-7efd6a782000 r-xp 00000000 08:06 10228641                   /tmp/lwjglarmand/3.2.1-build-12/libglfw.so
7efd6a782000-7efd6a981000 ---p 00042000 08:06 10228641                   /tmp/lwjglarmand/3.2.1-build-12/libglfw.so
7efd6a981000-7efd6a982000 r--p 00041000 08:06 10228641                   /tmp/lwjglarmand/3.2.1-build-12/libglfw.so
7efd6a982000-7efd6a984000 rw-p 00042000 08:06 10228641                   /tmp/lwjglarmand/3.2.1-build-12/libglfw.so
7efd6a984000-7efd6a9a5000 rw-p 00000000 00:00 0 
7efd6a9a5000-7efd6aa02000 r-xp 00000000 08:06 10228640                   /tmp/lwjglarmand/3.2.1-build-12/liblwjgl.so
7efd6aa02000-7efd6ac01000 ---p 0005d000 08:06 10228640                   /tmp/lwjglarmand/3.2.1-build-12/liblwjgl.so
7efd6ac01000-7efd6ac02000 r--p 0005c000 08:06 10228640                   /tmp/lwjglarmand/3.2.1-build-12/liblwjgl.so
7efd6ac02000-7efd6ac03000 rw-p 0005d000 08:06 10228640                   /tmp/lwjglarmand/3.2.1-build-12/liblwjgl.so
7efd6ac03000-7efd6ae03000 rw-p 00000000 00:00 0 
7efd6ae03000-7efd6ae05000 r-xp 00000000 08:06 13371446                   /usr/lib/jvm/jdk-11.0.1/lib/libextnet.so
7efd6ae05000-7efd6b004000 ---p 00002000 08:06 13371446                   /usr/lib/jvm/jdk-11.0.1/lib/libextnet.so
7efd6b004000-7efd6b005000 r--p 00001000 08:06 13371446                   /usr/lib/jvm/jdk-11.0.1/lib/libextnet.so
7efd6b005000-7efd6b006000 rw-p 00002000 08:06 13371446                   /usr/lib/jvm/jdk-11.0.1/lib/libextnet.so
7efd6b006000-7efd6b007000 ---p 00000000 00:00 0 
7efd6b007000-7efd6b108000 rw-p 00000000 00:00 0 
7efd6b108000-7efd6b10c000 ---p 00000000 00:00 0 
7efd6b10c000-7efd6b209000 rw-p 00000000 00:00 0 
7efd6b209000-7efd6b21f000 r-xp 00000000 08:06 13371428                   /usr/lib/jvm/jdk-11.0.1/lib/libnet.so
7efd6b21f000-7efd6b41e000 ---p 00016000 08:06 13371428                   /usr/lib/jvm/jdk-11.0.1/lib/libnet.so
7efd6b41e000-7efd6b41f000 r--p 00015000 08:06 13371428                   /usr/lib/jvm/jdk-11.0.1/lib/libnet.so
7efd6b41f000-7efd6b420000 rw-p 00016000 08:06 13371428                   /usr/lib/jvm/jdk-11.0.1/lib/libnet.so
7efd6b420000-7efd6b430000 r-xp 00000000 08:06 13371416                   /usr/lib/jvm/jdk-11.0.1/lib/libnio.so
7efd6b430000-7efd6b62f000 ---p 00010000 08:06 13371416                   /usr/lib/jvm/jdk-11.0.1/lib/libnio.so
7efd6b62f000-7efd6b630000 r--p 0000f000 08:06 13371416                   /usr/lib/jvm/jdk-11.0.1/lib/libnio.so
7efd6b630000-7efd6b631000 rw-p 00010000 08:06 13371416                   /usr/lib/jvm/jdk-11.0.1/lib/libnio.so
7efd6b631000-7efd6c000000 r--p 00000000 08:06 13243226                   /usr/lib/locale/locale-archive
7efd6c000000-7efd6c021000 rw-p 00000000 00:00 0 
7efd6c021000-7efd70000000 ---p 00000000 00:00 0 
7efd70000000-7efd70021000 rw-p 00000000 00:00 0 
7efd70021000-7efd74000000 ---p 00000000 00:00 0 
7efd74000000-7efd74021000 rw-p 00000000 00:00 0 
7efd74021000-7efd78000000 ---p 00000000 00:00 0 
7efd78000000-7efd78021000 rw-p 00000000 00:00 0 
7efd78021000-7efd7c000000 ---p 00000000 00:00 0 
7efd7c000000-7efd7c021000 rw-p 00000000 00:00 0 
7efd7c021000-7efd80000000 ---p 00000000 00:00 0 
7efd80000000-7efd80021000 rw-p 00000000 00:00 0 
7efd80021000-7efd84000000 ---p 00000000 00:00 0 
7efd84000000-7efd84021000 rw-p 00000000 00:00 0 
7efd84021000-7efd88000000 ---p 00000000 00:00 0 
7efd88036000-7efd88076000 rw-s 00000000 08:06 8784110                    /home/armand/#8784110 (deleted)
7efd88076000-7efd880b6000 r-xs 00000000 08:06 8784110                    /home/armand/#8784110 (deleted)
7efd880b6000-7efd880ba000 ---p 00000000 00:00 0 
7efd880ba000-7efd881b7000 rw-p 00000000 00:00 0 
7efd881b7000-7efd881bb000 ---p 00000000 00:00 0 
7efd881bb000-7efd882b8000 rw-p 00000000 00:00 0 
7efd882b8000-7efd882bc000 ---p 00000000 00:00 0 
7efd882bc000-7efd883b9000 rw-p 00000000 00:00 0 
7efd883b9000-7efd883bd000 ---p 00000000 00:00 0 
7efd883bd000-7efd884ba000 rw-p 00000000 00:00 0 
7efd884ba000-7efd884be000 ---p 00000000 00:00 0 
7efd884be000-7efd885bb000 rw-p 00000000 00:00 0 
7efd885bb000-7efd885bf000 ---p 00000000 00:00 0 
7efd885bf000-7efd886bc000 rw-p 00000000 00:00 0 
7efd886bc000-7efd886c0000 ---p 00000000 00:00 0 
7efd886c0000-7efd887bd000 rw-p 00000000 00:00 0 
7efd887bd000-7efd887c1000 ---p 00000000 00:00 0 
7efd887c1000-7efd888be000 rw-p 00000000 00:00 0 
7efd888be000-7efd888bf000 ---p 00000000 00:00 0 
7efd888bf000-7efd8ab28000 rw-p 00000000 00:00 0 
7efd8ab28000-7efd8c000000 ---p 00000000 00:00 0 
7efd8c000000-7efd8c021000 rw-p 00000000 00:00 0 
7efd8c021000-7efd90000000 ---p 00000000 00:00 0 
7efd9003f000-7efd9083f000 rw-p 00000000 00:00 0 
7efd9083f000-7efd90840000 ---p 00000000 00:00 0 
7efd90840000-7efd90941000 rw-p 00000000 00:00 0 
7efd90941000-7efd90942000 ---p 00000000 00:00 0 
7efd90942000-7efd90c45000 rw-p 00000000 00:00 0 
7efd90c45000-7efd90eb5000 rwxp 00000000 00:00 0 
7efd90eb5000-7efd911d5000 ---p 00000000 00:00 0 
7efd911d5000-7efd91445000 rwxp 00000000 00:00 0 
7efd91445000-7efd9870d000 ---p 00000000 00:00 0 
7efd9870d000-7efd9897d000 rwxp 00000000 00:00 0 
7efd9897d000-7efd9fc45000 ---p 00000000 00:00 0 
7efd9fc45000-7efda8000000 r--s 00000000 08:06 13371445                   /usr/lib/jvm/jdk-11.0.1/lib/modules
7efda8000000-7efda8e7f000 rw-p 00000000 00:00 0 
7efda8e7f000-7efdac000000 ---p 00000000 00:00 0 
7efdac030000-7efdac2b3000 rw-p 00000000 00:00 0 
7efdac2b3000-7efdac2b4000 ---p 00000000 00:00 0 
7efdac2b4000-7efdac3b5000 rw-p 00000000 00:00 0 
7efdac3b5000-7efdac3b6000 ---p 00000000 00:00 0 
7efdac3b6000-7efdac61f000 rw-p 00000000 00:00 0 
7efdac61f000-7efdadaf7000 ---p 00000000 00:00 0 
7efdadaf7000-7efdadb24000 rw-p 00000000 00:00 0 
7efdadb24000-7efdaddbf000 ---p 00000000 00:00 0 
7efdaddbf000-7efdaddec000 rw-p 00000000 00:00 0 
7efdaddec000-7efdae087000 ---p 00000000 00:00 0 
7efdae087000-7efdae0b4000 rw-p 00000000 00:00 0 
7efdae0b4000-7efdae34f000 ---p 00000000 00:00 0 
7efdae34f000-7efdae753000 rw-p 00000000 00:00 0 
7efdae753000-7efdae754000 ---p 00000000 00:00 0 
7efdae754000-7efdae85a000 rw-p 00000000 00:00 0 
7efdae85a000-7efdae940000 ---p 00000000 00:00 0 
7efdae940000-7efdae945000 rw-p 00000000 00:00 0 
7efdae945000-7efdaea2b000 ---p 00000000 00:00 0 
7efdaea2b000-7efdaea46000 r-xp 00000000 08:06 13371415                   /usr/lib/jvm/jdk-11.0.1/lib/libjimage.so
7efdaea46000-7efdaec45000 ---p 0001b000 08:06 13371415                   /usr/lib/jvm/jdk-11.0.1/lib/libjimage.so
7efdaec45000-7efdaec47000 r--p 0001a000 08:06 13371415                   /usr/lib/jvm/jdk-11.0.1/lib/libjimage.so
7efdaec47000-7efdaec48000 rw-p 0001c000 08:06 13371415                   /usr/lib/jvm/jdk-11.0.1/lib/libjimage.so
7efdaec48000-7efdaec4f000 r-xp 00000000 08:06 13371434                   /usr/lib/jvm/jdk-11.0.1/lib/libzip.so
7efdaec4f000-7efdaee4e000 ---p 00007000 08:06 13371434                   /usr/lib/jvm/jdk-11.0.1/lib/libzip.so
7efdaee4e000-7efdaee4f000 r--p 00006000 08:06 13371434                   /usr/lib/jvm/jdk-11.0.1/lib/libzip.so
7efdaee4f000-7efdaee50000 rw-p 00007000 08:06 13371434                   /usr/lib/jvm/jdk-11.0.1/lib/libzip.so
7efdaee50000-7efdaee5b000 r-xp 00000000 08:06 12980982                   /lib/x86_64-linux-gnu/libnss_files-2.27.so
7efdaee5b000-7efdaf05a000 ---p 0000b000 08:06 12980982                   /lib/x86_64-linux-gnu/libnss_files-2.27.so
7efdaf05a000-7efdaf05b000 r--p 0000a000 08:06 12980982                   /lib/x86_64-linux-gnu/libnss_files-2.27.so
7efdaf05b000-7efdaf05c000 rw-p 0000b000 08:06 12980982                   /lib/x86_64-linux-gnu/libnss_files-2.27.so
7efdaf05c000-7efdaf062000 rw-p 00000000 00:00 0 
7efdaf062000-7efdaf079000 r-xp 00000000 08:06 12980976                   /lib/x86_64-linux-gnu/libnsl-2.27.so
7efdaf079000-7efdaf278000 ---p 00017000 08:06 12980976                   /lib/x86_64-linux-gnu/libnsl-2.27.so
7efdaf278000-7efdaf279000 r--p 00016000 08:06 12980976                   /lib/x86_64-linux-gnu/libnsl-2.27.so
7efdaf279000-7efdaf27a000 rw-p 00017000 08:06 12980976                   /lib/x86_64-linux-gnu/libnsl-2.27.so
7efdaf27a000-7efdaf27c000 rw-p 00000000 00:00 0 
7efdaf27c000-7efdaf287000 r-xp 00000000 08:06 12980993                   /lib/x86_64-linux-gnu/libnss_nis-2.27.so
7efdaf287000-7efdaf486000 ---p 0000b000 08:06 12980993                   /lib/x86_64-linux-gnu/libnss_nis-2.27.so
7efdaf486000-7efdaf487000 r--p 0000a000 08:06 12980993                   /lib/x86_64-linux-gnu/libnss_nis-2.27.so
7efdaf487000-7efdaf488000 rw-p 0000b000 08:06 12980993                   /lib/x86_64-linux-gnu/libnss_nis-2.27.so
7efdaf488000-7efdaf490000 r-xp 00000000 08:06 12980978                   /lib/x86_64-linux-gnu/libnss_compat-2.27.so
7efdaf490000-7efdaf690000 ---p 00008000 08:06 12980978                   /lib/x86_64-linux-gnu/libnss_compat-2.27.so
7efdaf690000-7efdaf691000 r--p 00008000 08:06 12980978                   /lib/x86_64-linux-gnu/libnss_compat-2.27.so
7efdaf691000-7efdaf692000 rw-p 00009000 08:06 12980978                   /lib/x86_64-linux-gnu/libnss_compat-2.27.so
7efdaf692000-7efdaf69c000 r-xp 00000000 08:06 13371422                   /usr/lib/jvm/jdk-11.0.1/lib/libinstrument.so
7efdaf69c000-7efdaf89b000 ---p 0000a000 08:06 13371422                   /usr/lib/jvm/jdk-11.0.1/lib/libinstrument.so
7efdaf89b000-7efdaf89c000 r--p 00009000 08:06 13371422                   /usr/lib/jvm/jdk-11.0.1/lib/libinstrument.so
7efdaf89c000-7efdaf89d000 rw-p 0000a000 08:06 13371422                   /usr/lib/jvm/jdk-11.0.1/lib/libinstrument.so
7efdaf89d000-7efdaf8c8000 r-xp 00000000 08:06 13371435                   /usr/lib/jvm/jdk-11.0.1/lib/libjava.so
7efdaf8c8000-7efdafac7000 ---p 0002b000 08:06 13371435                   /usr/lib/jvm/jdk-11.0.1/lib/libjava.so
7efdafac7000-7efdafac8000 r--p 0002a000 08:06 13371435                   /usr/lib/jvm/jdk-11.0.1/lib/libjava.so
7efdafac8000-7efdafaca000 rw-p 0002b000 08:06 13371435                   /usr/lib/jvm/jdk-11.0.1/lib/libjava.so
7efdafaca000-7efdafad7000 r-xp 00000000 08:06 13371425                   /usr/lib/jvm/jdk-11.0.1/lib/libverify.so
7efdafad7000-7efdafcd6000 ---p 0000d000 08:06 13371425                   /usr/lib/jvm/jdk-11.0.1/lib/libverify.so
7efdafcd6000-7efdafcd8000 r--p 0000c000 08:06 13371425                   /usr/lib/jvm/jdk-11.0.1/lib/libverify.so
7efdafcd8000-7efdafcd9000 rw-p 0000e000 08:06 13371425                   /usr/lib/jvm/jdk-11.0.1/lib/libverify.so
7efdafcd9000-7efdafce0000 r-xp 00000000 08:06 12981033                   /lib/x86_64-linux-gnu/librt-2.27.so
7efdafce0000-7efdafedf000 ---p 00007000 08:06 12981033                   /lib/x86_64-linux-gnu/librt-2.27.so
7efdafedf000-7efdafee0000 r--p 00006000 08:06 12981033                   /lib/x86_64-linux-gnu/librt-2.27.so
7efdafee0000-7efdafee1000 rw-p 00007000 08:06 12981033                   /lib/x86_64-linux-gnu/librt-2.27.so
7efdafee1000-7efdb007e000 r-xp 00000000 08:06 12980955                   /lib/x86_64-linux-gnu/libm-2.27.so
7efdb007e000-7efdb027d000 ---p 0019d000 08:06 12980955                   /lib/x86_64-linux-gnu/libm-2.27.so
7efdb027d000-7efdb027e000 r--p 0019c000 08:06 12980955                   /lib/x86_64-linux-gnu/libm-2.27.so
7efdb027e000-7efdb027f000 rw-p 0019d000 08:06 12980955                   /lib/x86_64-linux-gnu/libm-2.27.so
7efdb027f000-7efdb1407000 r-xp 00000000 08:06 13371439                   /usr/lib/jvm/jdk-11.0.1/lib/server/libjvm.so
7efdb1407000-7efdb1607000 ---p 01188000 08:06 13371439                   /usr/lib/jvm/jdk-11.0.1/lib/server/libjvm.so
7efdb1607000-7efdb16d1000 r--p 01188000 08:06 13371439                   /usr/lib/jvm/jdk-11.0.1/lib/server/libjvm.so
7efdb16d1000-7efdb170b000 rw-p 01252000 08:06 13371439                   /usr/lib/jvm/jdk-11.0.1/lib/server/libjvm.so
7efdb170b000-7efdb1761000 rw-p 00000000 00:00 0 
7efdb1761000-7efdb1948000 r-xp 00000000 08:06 12980892                   /lib/x86_64-linux-gnu/libc-2.27.so
7efdb1948000-7efdb1b48000 ---p 001e7000 08:06 12980892                   /lib/x86_64-linux-gnu/libc-2.27.so
7efdb1b48000-7efdb1b4c000 r--p 001e7000 08:06 12980892                   /lib/x86_64-linux-gnu/libc-2.27.so
7efdb1b4c000-7efdb1b4e000 rw-p 001eb000 08:06 12980892                   /lib/x86_64-linux-gnu/libc-2.27.so
7efdb1b4e000-7efdb1b52000 rw-p 00000000 00:00 0 
7efdb1b52000-7efdb1b55000 r-xp 00000000 08:06 12980915                   /lib/x86_64-linux-gnu/libdl-2.27.so
7efdb1b55000-7efdb1d54000 ---p 00003000 08:06 12980915                   /lib/x86_64-linux-gnu/libdl-2.27.so
7efdb1d54000-7efdb1d55000 r--p 00002000 08:06 12980915                   /lib/x86_64-linux-gnu/libdl-2.27.so
7efdb1d55000-7efdb1d56000 rw-p 00003000 08:06 12980915                   /lib/x86_64-linux-gnu/libdl-2.27.so
7efdb1d56000-7efdb1d65000 r-xp 00000000 08:06 13371453                   /usr/lib/jvm/jdk-11.0.1/lib/jli/libjli.so
7efdb1d65000-7efdb1f65000 ---p 0000f000 08:06 13371453                   /usr/lib/jvm/jdk-11.0.1/lib/jli/libjli.so
7efdb1f65000-7efdb1f66000 r--p 0000f000 08:06 13371453                   /usr/lib/jvm/jdk-11.0.1/lib/jli/libjli.so
7efdb1f66000-7efdb1f67000 rw-p 00010000 08:06 13371453                   /usr/lib/jvm/jdk-11.0.1/lib/jli/libjli.so
7efdb1f67000-7efdb1f81000 r-xp 00000000 08:06 12981025                   /lib/x86_64-linux-gnu/libpthread-2.27.so
7efdb1f81000-7efdb2180000 ---p 0001a000 08:06 12981025                   /lib/x86_64-linux-gnu/libpthread-2.27.so
7efdb2180000-7efdb2181000 r--p 00019000 08:06 12981025                   /lib/x86_64-linux-gnu/libpthread-2.27.so
7efdb2181000-7efdb2182000 rw-p 0001a000 08:06 12981025                   /lib/x86_64-linux-gnu/libpthread-2.27.so
7efdb2182000-7efdb2186000 rw-p 00000000 00:00 0 
7efdb2186000-7efdb21a2000 r-xp 00000000 08:06 12981064                   /lib/x86_64-linux-gnu/libz.so.1.2.11
7efdb21a2000-7efdb23a1000 ---p 0001c000 08:06 12981064                   /lib/x86_64-linux-gnu/libz.so.1.2.11
7efdb23a1000-7efdb23a2000 r--p 0001b000 08:06 12981064                   /lib/x86_64-linux-gnu/libz.so.1.2.11
7efdb23a2000-7efdb23a3000 rw-p 0001c000 08:06 12981064                   /lib/x86_64-linux-gnu/libz.so.1.2.11
7efdb23a3000-7efdb23ca000 r-xp 00000000 08:06 12980864                   /lib/x86_64-linux-gnu/ld-2.27.so
7efdb23da000-7efdb23de000 r-xp 00000000 00:00 0 
7efdb23de000-7efdb23e2000 rw-s 00000000 00:2e 613                        /i915 (deleted)
7efdb23e2000-7efdb23e7000 rw-s 00000000 00:2e 612                        /i915 (deleted)
7efdb23e7000-7efdb23e8000 rw-s 00000000 00:05 2859229                    /memfd:xshmfence (deleted)
7efdb23e8000-7efdb23e9000 rwxp 00000000 00:00 0 
7efdb23e9000-7efdb23ed000 rw-s 00000000 00:2e 446                        /i915 (deleted)
7efdb23ed000-7efdb23f2000 rw-s 00000000 00:2e 386                        /i915 (deleted)
7efdb23f2000-7efdb2418000 r--p 00000000 08:06 14944788                   /usr/share/locale-langpack/fr/LC_MESSAGES/libc.mo
7efdb2418000-7efdb241f000 r--s 00000000 08:06 13632677                   /usr/lib/x86_64-linux-gnu/gconv/gconv-modules.cache
7efdb241f000-7efdb24aa000 rw-p 00000000 00:00 0 
7efdb24aa000-7efdb24ae000 ---p 00000000 00:00 0 
7efdb24ae000-7efdb25af000 rw-p 00000000 00:00 0 
7efdb25af000-7efdb25b3000 rw-s 00000000 00:2e 432                        /i915 (deleted)
7efdb25b3000-7efdb25b4000 r-xp 00000000 00:00 0 
7efdb25b4000-7efdb25b9000 rw-p 00000000 00:00 0 
7efdb25b9000-7efdb25c0000 ---p 00000000 00:00 0 
7efdb25c0000-7efdb25c8000 rw-s 00000000 08:06 9966448                    /tmp/hsperfdata_armand/4451
7efdb25c8000-7efdb25c9000 ---p 00000000 00:00 0 
7efdb25c9000-7efdb25ca000 r--p 00000000 00:00 0 
7efdb25ca000-7efdb25cb000 r--p 00027000 08:06 12980864                   /lib/x86_64-linux-gnu/ld-2.27.so
7efdb25cb000-7efdb25cc000 rw-p 00028000 08:06 12980864                   /lib/x86_64-linux-gnu/ld-2.27.so
7efdb25cc000-7efdb25cd000 rw-p 00000000 00:00 0 
7ffce5c78000-7ffce5c99000 rw-p 00000000 00:00 0                          [stack]
7ffce5dce000-7ffce5dd1000 r--p 00000000 00:00 0                          [vvar]
7ffce5dd1000-7ffce5dd3000 r-xp 00000000 00:00 0                          [vdso]
ffffffffff600000-ffffffffff601000 r-xp 00000000 00:00 0                  [vsyscall]


VM Arguments:
jvm_args: -javaagent:/snap/intellij-idea-community/137/lib/idea_rt.jar=33659:/snap/intellij-idea-community/137/bin -Dfile.encoding=UTF-8 
java_command: main.MainMoteur3D
java_class_path (initial): /home/armand/..dev/workspace/Moteur-3DLightings/gradle/out/production/classes:/home/armand/..dev/workspace/Moteur-3DLightings/gradle/out/production/resources:/home/armand/.gradle/caches/modules-2/files-2.1/org.l33tlabs.twl/pngdecoder/1.0/6422688e344db244da42244b21998284bf098948/pngdecoder-1.0.jar:/home/armand/.gradle/caches/modules-2/files-2.1/org.joml/joml/1.9.12/73622e6370f4f6f542d80aa8f7329d828762b9ca/joml-1.9.12.jar:/home/armand/.gradle/caches/modules-2/files-2.1/org.lwjgl/lwjgl-glfw/3.2.1/27abb7f64894b61cad163791acd8113f0b21296/lwjgl-glfw-3.2.1.jar:/home/armand/.gradle/caches/modules-2/files-2.1/org.lwjgl/lwjgl-opengl/3.2.1/57008c2374c5bc434b18adfef3f3653ee450ee18/lwjgl-opengl-3.2.1.jar:/home/armand/.gradle/caches/modules-2/files-2.1/org.lwjgl/lwjgl/3.2.1/2bb514e444994c6fece99a21f76e0c90438e377f/lwjgl-3.2.1.jar:/home/armand/.gradle/caches/modules-2/files-2.1/org.lwjgl/lwjgl-glfw/3.2.1/5a2fb27f9e12a34ecabf6f6a7606c61849e347ee/lwjgl-glfw-3.2.1-natives-linux.jar:/home/armand/.gradle/caches/modules-2/files-2.1/org.lwjgl/lwjgl-opengl/3.2.1/c43bb08ed7dcf1a6d344803e464148b3b14dd274/lwjgl-opengl-3.2.1-natives-linux.jar:/home/armand/.gradle/caches/modules-2/files-2.1/org.lwjgl/lwjgl/3.2.1/9bdd47cd63ce102cec837a396c8ded597cb75a66/lwjgl-3.2.1-natives-linux.jar
Launcher Type: SUN_STANDARD

[Global flags]
     intx CICompilerCount                          = 3                                         {product} {ergonomic}
     uint ConcGCThreads                            = 1                                         {product} {ergonomic}
     uint G1ConcRefinementThreads                  = 4                                         {product} {ergonomic}
   size_t G1HeapRegionSize                         = 1048576                                   {product} {ergonomic}
    uintx GCDrainStackTargetSize                   = 64                                        {product} {ergonomic}
   size_t InitialHeapSize                          = 94371840                                  {product} {ergonomic}
   size_t MarkStackSize                            = 4194304                                   {product} {ergonomic}
   size_t MaxHeapSize                              = 1493172224                                {product} {ergonomic}
   size_t MaxNewSize                               = 895483904                                 {product} {ergonomic}
   size_t MinHeapDeltaBytes                        = 1048576                                   {product} {ergonomic}
    uintx NonNMethodCodeHeapSize                   = 5830092                                {pd product} {ergonomic}
    uintx NonProfiledCodeHeapSize                  = 122914074                              {pd product} {ergonomic}
    uintx ProfiledCodeHeapSize                     = 122914074                              {pd product} {ergonomic}
    uintx ReservedCodeCacheSize                    = 251658240                              {pd product} {ergonomic}
     bool SegmentedCodeCache                       = true                                      {product} {ergonomic}
     bool UseCompressedClassPointers               = true                                 {lp64_product} {ergonomic}
     bool UseCompressedOops                        = true                                 {lp64_product} {ergonomic}
     bool UseG1GC                                  = true                                      {product} {ergonomic}

Logging:
Log output configuration:
 #0: stdout all=warning uptime,level,tags
 #1: stderr all=off uptime,level,tags

Environment Variables:
PATH=/usr/local/sbin:/usr/local/bin:/usr/sbin:/usr/bin:/sbin:/bin:/usr/games:/usr/local/games:/snap/bin
USERNAME=armand
SHELL=/bin/bash
DISPLAY=:0

Signal Handlers:
SIGSEGV: [libjvm.so+0xe5ac10], sa_mask[0]=11111111011111111101111111111110, sa_flags=SA_RESTART|SA_SIGINFO
SIGBUS: [libjvm.so+0xe5ac10], sa_mask[0]=11111111011111111101111111111110, sa_flags=SA_RESTART|SA_SIGINFO
SIGFPE: [libjvm.so+0xe5ac10], sa_mask[0]=11111111011111111101111111111110, sa_flags=SA_RESTART|SA_SIGINFO
SIGPIPE: [libjvm.so+0xc30d00], sa_mask[0]=11111111011111111101111111111110, sa_flags=SA_RESTART|SA_SIGINFO
SIGXFSZ: [libjvm.so+0xc30d00], sa_mask[0]=11111111011111111101111111111110, sa_flags=SA_RESTART|SA_SIGINFO
SIGILL: [libjvm.so+0xe5ac10], sa_mask[0]=11111111011111111101111111111110, sa_flags=SA_RESTART|SA_SIGINFO
SIGUSR2: [libjvm.so+0xc30ba0], sa_mask[0]=00100000000000000000000000000000, sa_flags=SA_RESTART|SA_SIGINFO
SIGHUP: [libjvm.so+0xc30f00], sa_mask[0]=11111111011111111101111111111110, sa_flags=SA_RESTART|SA_SIGINFO
SIGINT: [libjvm.so+0xc30f00], sa_mask[0]=11111111011111111101111111111110, sa_flags=SA_RESTART|SA_SIGINFO
SIGTERM: [libjvm.so+0xc30f00], sa_mask[0]=11111111011111111101111111111110, sa_flags=SA_RESTART|SA_SIGINFO
SIGQUIT: [libjvm.so+0xc30f00], sa_mask[0]=11111111011111111101111111111110, sa_flags=SA_RESTART|SA_SIGINFO


---------------  S Y S T E M  ---------------

OS:DISTRIB_ID=Ubuntu
DISTRIB_RELEASE=18.04
DISTRIB_CODENAME=bionic
DISTRIB_DESCRIPTION="Ubuntu 18.04.2 LTS"
uname:Linux 4.15.0-47-generic #50-Ubuntu SMP Wed Mar 13 10:44:52 UTC 2019 x86_64
libc:glibc 2.27 NPTL 2.27 
rlimit: STACK 8192k, CORE 0k, NPROC 22400, NOFILE 1048576, AS infinity, DATA infinity, FSIZE infinity
load average:1,13 0,82 0,88

/proc/meminfo:
MemTotal:        5826744 kB
MemFree:         1370988 kB
MemAvailable:    2439128 kB
Buffers:          152804 kB
Cached:          1421440 kB
SwapCached:        76568 kB
Active:          2923108 kB
Inactive:        1164568 kB
Active(anon):    2167844 kB
Inactive(anon):   705676 kB
Active(file):     755264 kB
Inactive(file):   458892 kB
Unevictable:          16 kB
Mlocked:              16 kB
SwapTotal:       2097148 kB
SwapFree:        1470356 kB
Dirty:              6964 kB
Writeback:             0 kB
AnonPages:       2495652 kB
Mapped:           396492 kB
Shmem:            360088 kB
Slab:             210668 kB
SReclaimable:     142900 kB
SUnreclaim:        67768 kB
KernelStack:       14672 kB
PageTables:        56400 kB
NFS_Unstable:          0 kB
Bounce:                0 kB
WritebackTmp:          0 kB
CommitLimit:     5010520 kB
Committed_AS:    8330096 kB
VmallocTotal:   34359738367 kB
VmallocUsed:           0 kB
VmallocChunk:          0 kB
HardwareCorrupted:     0 kB
AnonHugePages:         0 kB
ShmemHugePages:        0 kB
ShmemPmdMapped:        0 kB
CmaTotal:              0 kB
CmaFree:               0 kB
HugePages_Total:       0
HugePages_Free:        0
HugePages_Rsvd:        0
HugePages_Surp:        0
Hugepagesize:       2048 kB
DirectMap4k:      320848 kB
DirectMap2M:     5691392 kB
DirectMap1G:     1048576 kB


/proc/sys/kernel/threads-max (system-wide limit on the number of threads):
44801


/proc/sys/vm/max_map_count (maximum number of memory map areas a process may have):
65530


/proc/sys/kernel/pid_max (system-wide limit on number of process identifiers):
32768


container (cgroup) information:
container_type: cgroupv1
cpu_cpuset_cpus: 0-3
cpu_memory_nodes: 0
active_processor_count: 4
cpu_quota: -1
cpu_period: 100000
cpu_shares: -1
memory_limit_in_bytes: -1
memory_and_swap_limit_in_bytes: -2
memory_soft_limit_in_bytes: -1
memory_usage_in_bytes: 4174131200
memory_max_usage_in_bytes: 7983104


CPU:total 4 (initial active 4) (4 cores per cpu, 1 threads per core) family 6 model 94 stepping 3, cmov, cx8, fxsr, mmx, sse, sse2, sse3, ssse3, sse4.1, sse4.2, popcnt, avx, avx2, aes, clmul, erms, rtm, 3dnowpref, lzcnt, tsc, tscinvbit, bmi1, bmi2, adx, fma
CPU Model and flags from /proc/cpuinfo:
model name	: Intel(R) Core(TM) i5-6300HQ CPU @ 2.30GHz
flags		: fpu vme de pse tsc msr pae mce cx8 apic sep mtrr pge mca cmov pat pse36 clflush dts acpi mmx fxsr sse sse2 ss ht tm pbe syscall nx pdpe1gb rdtscp lm constant_tsc art arch_perfmon pebs bts rep_good nopl xtopology nonstop_tsc cpuid aperfmperf tsc_known_freq pni pclmulqdq dtes64 monitor ds_cpl vmx est tm2 ssse3 sdbg fma cx16 xtpr pdcm pcid sse4_1 sse4_2 x2apic movbe popcnt tsc_deadline_timer aes xsave avx f16c rdrand lahf_lm abm 3dnowprefetch cpuid_fault epb invpcid_single pti ssbd ibrs ibpb stibp tpr_shadow vnmi flexpriority ept vpid fsgsbase tsc_adjust bmi1 hle avx2 smep bmi2 erms invpcid rtm mpx rdseed adx smap clflushopt intel_pt xsaveopt xsavec xgetbv1 xsaves dtherm ida arat pln pts hwp hwp_notify hwp_act_window hwp_epp flush_l1d

Memory: 4k page, physical 5826744k(1370988k free), swap 2097148k(1470356k free)

vm_info: Java HotSpot(TM) 64-Bit Server VM (11.0.1+13-LTS) for linux-amd64 JRE (11.0.1+13-LTS), built on Oct  6 2018 05:13:05 by "mach5one" with gcc 7.3.0

END.
